<?xml version="1.0" encoding="UTF-8"?>
<testng-results ignored="0" total="1" passed="1" failed="0" skipped="0">
  <reporter-output>
  </reporter-output>
  <suite started-at="2022-12-27T20:27:00 EST" name="Default suite" finished-at="2022-12-27T20:27:12 EST" duration-ms="12241">
    <groups>
    </groups>
    <test started-at="2022-12-27T20:27:00 EST" name="Default test" finished-at="2022-12-27T20:27:12 EST" duration-ms="12241">
      <class name="tests.CraterItemsTest">
        <test-method is-config="true" signature="setup()[pri:0, instance:tests.CraterItemsTest@635eaaf1]" started-at="2022-12-27T20:27:00 EST" name="setup" finished-at="2022-12-27T20:27:02 EST" duration-ms="2267" status="PASS">
          <reporter-output>
          </reporter-output>
        </test-method> <!-- setup -->
        <test-method signature="f()[pri:0, instance:tests.CraterItemsTest@635eaaf1]" started-at="2022-12-27T20:27:02 EST" name="f" finished-at="2022-12-27T20:27:11 EST" duration-ms="9325" status="PASS">
          <reporter-output>
          </reporter-output>
        </test-method> <!-- f -->
        <test-method is-config="true" signature="tearDown()[pri:0, instance:tests.CraterItemsTest@635eaaf1]" started-at="2022-12-27T20:27:11 EST" name="tearDown" finished-at="2022-12-27T20:27:12 EST" duration-ms="619" status="PASS">
          <reporter-output>
          </reporter-output>
        </test-method> <!-- tearDown -->
      </class> <!-- tests.CraterItemsTest -->
    </test> <!-- Default test -->
  </suite> <!-- Default suite -->
</testng-results>
